c22:07:06 - Starting compilation in watch mode...

src/TS/UnitCalculator.ts(20,29): error TS2339: Property 'style' does not exist on type 'Element'.
src/TS/UnitCalculator.ts(22,5): error TS2683: 'this' implicitly has type 'any' because it does not have a type annotation.
src/TS/UnitCalculator.ts(23,14): error TS2683: 'this' implicitly has type 'any' because it does not have a type annotation.
src/TS/UnitCalculator.ts(25,21): error TS2339: Property 'style' does not exist on type 'Element'.
src/TS/UnitCalculator.ts(29,47): error TS2339: Property 'style' does not exist on type 'Element'.
src/TS/UnitCalculator.ts(35,29): error TS2339: Property 'options' does not exist on type 'Element'.
src/TS/UnitCalculator.ts(36,31): error TS2339: Property 'options' does not exist on type 'Element'.
src/TS/UnitCalculator.ts(39,19): error TS2339: Property 'style' does not exist on type 'Element'.
src/TS/UnitCalculator.ts(43,45): error TS2339: Property 'style' does not exist on type 'Element'.
src/TS/UnitCalculator.ts(48,5): error TS2581: Cannot find name '$'. Do you need to install type definitions for jQuery? Try `npm i --save-dev @types/jquery`.
src/TS/UnitCalculator.ts(50,5): error TS2581: Cannot find name '$'. Do you need to install type definitions for jQuery? Try `npm i --save-dev @types/jquery`.
src/TS/UnitCalculator.ts(60,7): error TS2451: Cannot redeclare block-scoped variable 'length'.
src/TS/UnitCalculator.ts(294,14): error TS7006: Parameter 'temp' implicitly has an 'any' type.
src/TS/UnitCalculator.ts(294,14): error TS2322: Type '(temp: any) => number' is not assignable to type 'number'.
src/TS/UnitCalculator.ts(295,17): error TS7006: Parameter 'temp' implicitly has an 'any' type.
src/TS/UnitCalculator.ts(295,17): error TS2322: Type '(temp: any) => number' is not assignable to type 'number'.
src/TS/UnitCalculator.ts(295,36): error TS2345: Argument of type 'number' is not assignable to parameter of type 'string'.
src/TS/UnitCalculator.ts(296,13): error TS7006: Parameter 'temp' implicitly has an 'any' type.
src/TS/UnitCalculator.ts(296,13): error TS2322: Type '(temp: any) => number' is not assignable to type 'number'.
src/TS/UnitCalculator.ts(299,14): error TS7006: Parameter 'temp' implicitly has an 'any' type.
src/TS/UnitCalculator.ts(299,14): error TS2322: Type '(temp: any) => number' is not assignable to type 'number'.
src/TS/UnitCalculator.ts(300,17): error TS7006: Parameter 'temp' implicitly has an 'any' type.
src/TS/UnitCalculator.ts(300,17): error TS2322: Type '(temp: any) => number' is not assignable to type 'number'.
src/TS/UnitCalculator.ts(301,13): error TS7006: Parameter 'temp' implicitly has an 'any' type.
src/TS/UnitCalculator.ts(301,13): error TS2322: Type '(temp: any) => number' is not assignable to type 'number'.
src/TS/UnitCalculator.ts(304,14): error TS7006: Parameter 'temp' implicitly has an 'any' type.
src/TS/UnitCalculator.ts(304,14): error TS2322: Type '(temp: any) => number' is not assignable to type 'number'.
src/TS/UnitCalculator.ts(305,17): error TS7006: Parameter 'temp' implicitly has an 'any' type.
src/TS/UnitCalculator.ts(305,17): error TS2322: Type '(temp: any) => number' is not assignable to type 'number'.
src/TS/UnitCalculator.ts(306,13): error TS7006: Parameter 'temp' implicitly has an 'any' type.
src/TS/UnitCalculator.ts(306,13): error TS2322: Type '(temp: any) => number' is not assignable to type 'number'.
src/TS/UnitCalculator.ts(310,17): error TS7006: Parameter 'id' implicitly has an 'any' type.
src/TS/UnitCalculator.ts(311,50): error TS2339: Property 'value' does not exist on type 'Element'.
src/TS/UnitCalculator.ts(312,49): error TS2339: Property 'dataset' does not exist on type 'Element'.
src/TS/UnitCalculator.ts(313,19): error TS2315: Type 'HTMLElement' is not generic.
src/TS/UnitCalculator.ts(321,69): error TS2339: Property 'value' does not exist on type 'Element'.
src/TS/UnitCalculator.ts(322,65): error TS2339: Property 'value' does not exist on type 'Element'.
src/TS/UnitCalculator.ts(339,16): error TS2349: This expression is not callable.
  Type 'Window' has no call signatures.
src/TS/UnitCalculator.ts(341,24): error TS2363: The right-hand side of an arithmetic operation must be of type 'any', 'number', 'bigint' or an enum type.

22:07:07 - Found 39 errors. Watching for file changes.
c22:07:21 - File change detected. Starting incremental compilation...

src/TS/UnitCalculator.ts(20,29): error TS2339: Property 'style' does not exist on type 'Element'.
src/TS/UnitCalculator.ts(22,5): error TS2683: 'this' implicitly has type 'any' because it does not have a type annotation.
src/TS/UnitCalculator.ts(23,14): error TS2683: 'this' implicitly has type 'any' because it does not have a type annotation.
src/TS/UnitCalculator.ts(25,21): error TS2339: Property 'style' does not exist on type 'Element'.
src/TS/UnitCalculator.ts(29,47): error TS2339: Property 'style' does not exist on type 'Element'.
src/TS/UnitCalculator.ts(35,29): error TS2339: Property 'options' does not exist on type 'Element'.
src/TS/UnitCalculator.ts(36,31): error TS2339: Property 'options' does not exist on type 'Element'.
src/TS/UnitCalculator.ts(39,19): error TS2339: Property 'style' does not exist on type 'Element'.
src/TS/UnitCalculator.ts(43,45): error TS2339: Property 'style' does not exist on type 'Element'.
src/TS/UnitCalculator.ts(48,5): error TS2581: Cannot find name '$'. Do you need to install type definitions for jQuery? Try `npm i --save-dev @types/jquery`.
src/TS/UnitCalculator.ts(50,5): error TS2581: Cannot find name '$'. Do you need to install type definitions for jQuery? Try `npm i --save-dev @types/jquery`.
src/TS/UnitCalculator.ts(60,7): error TS2451: Cannot redeclare block-scoped variable 'length'.
src/TS/UnitCalculator.ts(294,14): error TS7006: Parameter 'temp' implicitly has an 'any' type.
src/TS/UnitCalculator.ts(294,14): error TS2322: Type '(temp: any) => number' is not assignable to type 'number'.
src/TS/UnitCalculator.ts(295,17): error TS7006: Parameter 'temp' implicitly has an 'any' type.
src/TS/UnitCalculator.ts(295,17): error TS2322: Type '(temp: any) => number' is not assignable to type 'number'.
src/TS/UnitCalculator.ts(295,36): error TS2345: Argument of type 'number' is not assignable to parameter of type 'string'.
src/TS/UnitCalculator.ts(296,13): error TS7006: Parameter 'temp' implicitly has an 'any' type.
src/TS/UnitCalculator.ts(296,13): error TS2322: Type '(temp: any) => number' is not assignable to type 'number'.
src/TS/UnitCalculator.ts(299,14): error TS7006: Parameter 'temp' implicitly has an 'any' type.
src/TS/UnitCalculator.ts(299,14): error TS2322: Type '(temp: any) => number' is not assignable to type 'number'.
src/TS/UnitCalculator.ts(300,17): error TS7006: Parameter 'temp' implicitly has an 'any' type.
src/TS/UnitCalculator.ts(300,17): error TS2322: Type '(temp: any) => number' is not assignable to type 'number'.
src/TS/UnitCalculator.ts(301,13): error TS7006: Parameter 'temp' implicitly has an 'any' type.
src/TS/UnitCalculator.ts(301,13): error TS2322: Type '(temp: any) => number' is not assignable to type 'number'.
src/TS/UnitCalculator.ts(304,14): error TS7006: Parameter 'temp' implicitly has an 'any' type.
src/TS/UnitCalculator.ts(304,14): error TS2322: Type '(temp: any) => number' is not assignable to type 'number'.
src/TS/UnitCalculator.ts(305,17): error TS7006: Parameter 'temp' implicitly has an 'any' type.
src/TS/UnitCalculator.ts(305,17): error TS2322: Type '(temp: any) => number' is not assignable to type 'number'.
src/TS/UnitCalculator.ts(306,13): error TS7006: Parameter 'temp' implicitly has an 'any' type.
src/TS/UnitCalculator.ts(306,13): error TS2322: Type '(temp: any) => number' is not assignable to type 'number'.
src/TS/UnitCalculator.ts(310,17): error TS7006: Parameter 'id' implicitly has an 'any' type.
src/TS/UnitCalculator.ts(311,50): error TS2339: Property 'value' does not exist on type 'Element'.
src/TS/UnitCalculator.ts(312,49): error TS2339: Property 'dataset' does not exist on type 'Element'.
src/TS/UnitCalculator.ts(313,19): error TS2315: Type 'HTMLElement' is not generic.
src/TS/UnitCalculator.ts(321,69): error TS2339: Property 'value' does not exist on type 'Element'.
src/TS/UnitCalculator.ts(322,65): error TS2339: Property 'value' does not exist on type 'Element'.
src/TS/UnitCalculator.ts(339,16): error TS2349: This expression is not callable.
  Type 'Window' has no call signatures.
src/TS/UnitCalculator.ts(341,24): error TS2363: The right-hand side of an arithmetic operation must be of type 'any', 'number', 'bigint' or an enum type.

22:07:21 - Found 39 errors. Watching for file changes.
c22:07:30 - File change detected. Starting incremental compilation...

src/TS/UnitCalculator.ts(20,34): error TS1005: ')' expected.

22:07:30 - Found 1 error. Watching for file changes.
c22:07:30 - File change detected. Starting incremental compilation...

src/TS/UnitCalculator.ts(20,34): error TS1005: ')' expected.

22:07:30 - Found 1 error. Watching for file changes.
